<?xml version="1.0" encoding="UTF-8"?>
<!-- Generated by org.testng.reporters.JUnitReportReporter -->
<testsuite skipped="0" hostname="Farnaaz-PC" name="com.BusyQa.Hipaat.TestCases.test" tests="1" failures="0" timestamp="11 May 2018 01:00:10 GMT" time="3.202" errors="0">
  <testcase name="sampletest" time="3.202" classname="com.BusyQa.Hipaat.TestCases.test"/>
</testsuite> <!-- com.BusyQa.Hipaat.TestCases.test -->
