<?xml version="1.0" encoding="UTF-8"?>
<!-- Generated by org.testng.reporters.JUnitReportReporter -->
<testsuite hostname="Farnaaz-PC" failures="0" tests="3" name="com.BusyQa.Hipaat.TestCases.TC1_Loginpage" time="25.969" errors="0" timestamp="24 Apr 2018 17:39:56 GMT" skipped="0">
  <testcase classname="com.BusyQa.Hipaat.TestCases.TC1_Loginpage" name="loginPageTitleTest" time="6.894"/>
  <testcase classname="com.BusyQa.Hipaat.TestCases.TC1_Loginpage" name="LogoImageTest" time="11.892"/>
  <testcase classname="com.BusyQa.Hipaat.TestCases.TC1_Loginpage" name="LoginTest" time="7.183"/>
</testsuite> <!-- com.BusyQa.Hipaat.TestCases.TC1_Loginpage -->
