<?xml version="1.0" encoding="UTF-8"?>
<!-- Generated by org.testng.reporters.JUnitReportReporter -->
<testsuite hostname="Farnaaz-PC" failures="0" tests="1" name="com.BusyQa.Hipaat.TestCases.BeHO_TC_007" time="52.006" errors="0" timestamp="07 May 2018 16:57:29 GMT" skipped="0">
  <testcase classname="com.BusyQa.Hipaat.TestCases.BeHO_TC_007" name="TC_007_conflictpolicy" time="52.006"/>
</testsuite> <!-- com.BusyQa.Hipaat.TestCases.BeHO_TC_007 -->
