<?xml version="1.0" encoding="UTF-8"?>
<!-- Generated by org.testng.reporters.JUnitReportReporter -->
<testsuite skipped="0" hostname="Farnaaz-PC" name="com.BusyQa.Hipaat.TestCases.BeHO_TC_017" tests="1" failures="0" timestamp="21 May 2018 17:12:12 GMT" time="14.110" errors="0">
  <testcase name="TC_017_auditReport" time="14.110" classname="com.BusyQa.Hipaat.TestCases.BeHO_TC_017"/>
</testsuite> <!-- com.BusyQa.Hipaat.TestCases.BeHO_TC_017 -->
