<?xml version="1.0" encoding="UTF-8"?>
<!-- Generated by org.testng.reporters.JUnitReportReporter -->
<testsuite skipped="0" hostname="Farnaaz-PC" name="com.BusyQa.Hipaat.TestCases.BeHO_TC_009" tests="1" failures="0" timestamp="21 May 2018 17:12:12 GMT" time="16.654" errors="0">
  <testcase name="TC_009_verifyacknowldg" time="16.654" classname="com.BusyQa.Hipaat.TestCases.BeHO_TC_009"/>
</testsuite> <!-- com.BusyQa.Hipaat.TestCases.BeHO_TC_009 -->
