<?xml version="1.0" encoding="UTF-8"?>
<!-- Generated by org.testng.reporters.JUnitReportReporter -->
<testsuite skipped="0" hostname="Farnaaz-PC" name="com.BusyQa.Hipaat.TestCases.BeHO_TC_28" tests="1" failures="0" timestamp="15 May 2018 17:58:19 GMT" time="6.977" errors="0">
  <testcase name="TC_028_revokeall_systemConsentDir" time="6.977" classname="com.BusyQa.Hipaat.TestCases.BeHO_TC_28"/>
</testsuite> <!-- com.BusyQa.Hipaat.TestCases.BeHO_TC_28 -->
