<?xml version="1.0" encoding="UTF-8"?>
<!-- Generated by org.testng.reporters.JUnitReportReporter -->
<testsuite skipped="0" hostname="Farnaaz-PC" name="com.BusyQa.Hipaat.TestCases.BeHO_TC_019" tests="1" failures="0" timestamp="02 May 2018 22:54:22 GMT" time="13.661" errors="0">
  <testcase name="verifyHelp_Security" time="13.661" classname="com.BusyQa.Hipaat.TestCases.BeHO_TC_019"/>
</testsuite> <!-- com.BusyQa.Hipaat.TestCases.BeHO_TC_019 -->
