<?xml version="1.0" encoding="UTF-8"?>
<!-- Generated by org.testng.reporters.JUnitReportReporter -->
<testsuite skipped="0" hostname="Farnaaz-PC" name="com.BusyQa.Hipaat.TestCases.BeHO_TC_29" tests="1" failures="0" timestamp="15 May 2018 17:25:21 GMT" time="12.754" errors="0">
  <testcase name="TC_029_revokeall_activepolicies" time="12.754" classname="com.BusyQa.Hipaat.TestCases.BeHO_TC_29"/>
</testsuite> <!-- com.BusyQa.Hipaat.TestCases.BeHO_TC_29 -->
