<?xml version="1.0" encoding="UTF-8"?>
<!-- Generated by org.testng.reporters.JUnitReportReporter -->
<testsuite skipped="0" hostname="Farnaaz-PC" name="com.BusyQa.Hipaat.TestCases.BeHO_TC_006" tests="1" failures="0" timestamp="08 May 2018 01:20:21 GMT" time="5.930" errors="0">
  <testcase name="TC_006_purposeofuse" time="5.930" classname="com.BusyQa.Hipaat.TestCases.BeHO_TC_006"/>
</testsuite> <!-- com.BusyQa.Hipaat.TestCases.BeHO_TC_006 -->
