<?xml version="1.0" encoding="UTF-8"?>
<!-- Generated by org.testng.reporters.JUnitReportReporter -->
<testsuite skipped="1" hostname="Farnaaz-PC" name="com.BusyQa.Hipaat.TestCases.BeHO_TC_026" tests="1" failures="0" timestamp="21 May 2018 17:12:12 GMT" time="0.000" errors="0">
  <testcase name="TC_026_systemConsentDir" time="0.000" classname="com.BusyQa.Hipaat.TestCases.BeHO_TC_026">
    <skipped/>
  </testcase> <!-- TC_026_systemConsentDir -->
</testsuite> <!-- com.BusyQa.Hipaat.TestCases.BeHO_TC_026 -->
