<?xml version="1.0" encoding="UTF-8"?>
<!-- Generated by org.testng.reporters.JUnitReportReporter -->
<testsuite skipped="0" hostname="Farnaaz-PC" name="com.BusyQa.Hipaat.TestCases.BeHO_TC_011" tests="1" failures="0" timestamp="21 May 2018 17:12:12 GMT" time="13.816" errors="0">
  <testcase name="TC_011_verifyScheduling" time="13.816" classname="com.BusyQa.Hipaat.TestCases.BeHO_TC_011"/>
</testsuite> <!-- com.BusyQa.Hipaat.TestCases.BeHO_TC_011 -->
