<?xml version="1.0" encoding="UTF-8"?>
<!-- Generated by org.testng.reporters.JUnitReportReporter -->
<testsuite skipped="0" hostname="Farnaaz-PC" name="com.BusyQa.Hipaat.TestCases.BeHO_TC_007" tests="1" failures="0" timestamp="21 May 2018 17:12:12 GMT" time="34.410" errors="0">
  <testcase name="TC_007_conflictpolicy" time="34.410" classname="com.BusyQa.Hipaat.TestCases.BeHO_TC_007"/>
</testsuite> <!-- com.BusyQa.Hipaat.TestCases.BeHO_TC_007 -->
