<?xml version="1.0" encoding="UTF-8"?>
<!-- Generated by org.testng.reporters.JUnitReportReporter -->
<testsuite hostname="Farnaaz-PC" failures="0" tests="2" name="com.BusyQa.Hipaat.TestCases.LoginPage_TC_000" time="18.562" errors="0" timestamp="22 Apr 2018 10:27:31 GMT" skipped="0">
  <testcase classname="com.BusyQa.Hipaat.TestCases.LoginPage_TC_000" name="loginPageTitleTest" time="7.498"/>
  <testcase classname="com.BusyQa.Hipaat.TestCases.LoginPage_TC_000" name="LogoImageTest" time="11.064"/>
</testsuite> <!-- com.BusyQa.Hipaat.TestCases.LoginPage_TC_000 -->
