<?xml version="1.0" encoding="UTF-8"?>
<!-- Generated by org.testng.reporters.JUnitReportReporter -->
<testsuite skipped="0" hostname="Farnaaz-PC" name="com.BusyQa.Hipaat.TestCases.test" tests="3" failures="0" timestamp="06 May 2018 16:41:10 GMT" time="27.447" errors="0">
  <testcase name="deletepolicycreation" time="9.250" classname="com.BusyQa.Hipaat.TestCases.test"/>
  <testcase name="deletepolicycreation" time="8.881" classname="com.BusyQa.Hipaat.TestCases.test"/>
  <testcase name="deletepolicycreation" time="9.316" classname="com.BusyQa.Hipaat.TestCases.test"/>
</testsuite> <!-- com.BusyQa.Hipaat.TestCases.test -->
