<?xml version="1.0" encoding="UTF-8"?>
<!-- Generated by org.testng.reporters.JUnitReportReporter -->
<testsuite skipped="0" hostname="Farnaaz-PC" name="com.BusyQa.Hipaat.TestCases.BeHO_TC_26" tests="1" failures="0" timestamp="15 May 2018 11:24:50 GMT" time="31.678" errors="0">
  <testcase name="TC_025_systemConsentDir" time="31.678" classname="com.BusyQa.Hipaat.TestCases.BeHO_TC_26"/>
</testsuite> <!-- com.BusyQa.Hipaat.TestCases.BeHO_TC_26 -->
