<?xml version="1.0" encoding="UTF-8"?>
<!-- Generated by org.testng.reporters.JUnitReportReporter -->
<testsuite skipped="0" hostname="Farnaaz-PC" name="com.BusyQa.Hipaat.TestCases.BeHO_TC_016" tests="1" failures="0" timestamp="21 May 2018 17:12:12 GMT" time="12.943" errors="0">
  <testcase name="TC_016_ActivePoliciesReport" time="12.943" classname="com.BusyQa.Hipaat.TestCases.BeHO_TC_016"/>
</testsuite> <!-- com.BusyQa.Hipaat.TestCases.BeHO_TC_016 -->
