<?xml version="1.0" encoding="UTF-8"?>
<!-- Generated by org.testng.reporters.JUnitReportReporter -->
<testsuite hostname="Farnaaz-PC" failures="0" tests="1" name="com.BusyQa.Hipaat.TestCases.HomePage_TC" time="7.832" errors="0" timestamp="23 Apr 2018 17:38:58 GMT" skipped="0">
  <testcase classname="com.BusyQa.Hipaat.TestCases.HomePage_TC" name="clickConsent" time="7.832"/>
</testsuite> <!-- com.BusyQa.Hipaat.TestCases.HomePage_TC -->
