<?xml version="1.0" encoding="UTF-8"?>
<!-- Generated by org.testng.reporters.JUnitReportReporter -->
<testsuite skipped="1" hostname="Farnaaz-PC" name="com.BusyQa.Hipaat.TestCases.BeHO_TC_029" tests="1" failures="0" timestamp="21 May 2018 17:12:12 GMT" time="0.000" errors="0">
  <testcase name="TC_029_revokeall_activepolicies" time="0.000" classname="com.BusyQa.Hipaat.TestCases.BeHO_TC_029">
    <skipped/>
  </testcase> <!-- TC_029_revokeall_activepolicies -->
</testsuite> <!-- com.BusyQa.Hipaat.TestCases.BeHO_TC_029 -->
