<?xml version="1.0" encoding="UTF-8"?>
<!-- Generated by org.testng.reporters.JUnitReportReporter -->
<testsuite skipped="0" hostname="Farnaaz-PC" name="com.BusyQa.Hipaat.TestCases.BeHO_TC_019" tests="1" failures="0" timestamp="21 May 2018 16:49:49 GMT" time="37.416" errors="0">
  <testcase name="TC_019_systemConsentDir" time="37.416" classname="com.BusyQa.Hipaat.TestCases.BeHO_TC_019"/>
</testsuite> <!-- com.BusyQa.Hipaat.TestCases.BeHO_TC_019 -->
